#
# A fatal error has been detected by the Java Runtime Environment:
#
#  Internal Error (javaClasses.cpp:126), pid=9132, tid=2240
#  fatal error: Invalid layout of preloaded class
#
# JRE version:  (8.0_25-b18) (build )
# Java VM: Java HotSpot(TM) Client VM (25.25-b02 mixed mode windows-x86 )
# Failed to write core dump. Minidumps are not enabled by default on client versions of Windows
#
# If you would like to submit a bug report, please visit:
#   http://bugreport.sun.com/bugreport/crash.jsp
#

---------------  T H R E A D  ---------------

Current thread (0x00f2bc00):  JavaThread "Unknown thread" [_thread_in_vm, id=2240, stack(0x026c0000,0x02710000)]

Stack: [0x026c0000,0x02710000],  sp=0x0270f618,  free space=317k
Native frames: (J=compiled Java code, j=interpreted, Vv=VM code, C=native code)
V  [jvm.dll+0x19796b]
V  [jvm.dll+0x1908e6]
V  [jvm.dll+0x3b4e9]
V  [jvm.dll+0x3b69e]
V  [jvm.dll+0x4a063]
V  [jvm.dll+0x9dc8e]
V  [jvm.dll+0x9df52]
V  [jvm.dll+0x145a01]
V  [jvm.dll+0x169ab8]
V  [jvm.dll+0xdaea1]
C  [javaw.exe+0x13e4]
C  [javaw.exe+0x1eb7]
C  [javaw.exe+0xaba1]
C  [javaw.exe+0xac2b]
C  [KERNEL32.DLL+0x1919f]
C  [ntdll.dll+0x50bbb]
C  [ntdll.dll+0x50b91]
C  0x00000000


---------------  P R O C E S S  ---------------

Java Threads: ( => current thread )

Other Threads:

=>0x00f2bc00 (exited) JavaThread "Unknown thread" [_thread_in_vm, id=2240, stack(0x026c0000,0x02710000)]

VM state:not at safepoint (not fully initialized)

VM Mutex/Monitor currently owned by a thread: None

GC Heap History (0 events):
No events

Deoptimization events (0 events):
No events

Internal exceptions (0 events):
No events

Events (10 events):
Event: 0.053 loading class java/lang/CharSequence done
Event: 0.053 loading class java/lang/String done
Event: 0.053 loading class java/lang/Class
Event: 0.053 loading class java/lang/reflect/AnnotatedElement
Event: 0.053 loading class java/lang/reflect/AnnotatedElement done
Event: 0.053 loading class java/lang/reflect/GenericDeclaration
Event: 0.053 loading class java/lang/reflect/GenericDeclaration done
Event: 0.053 loading class java/lang/reflect/Type
Event: 0.053 loading class java/lang/reflect/Type done
Event: 0.053 loading class java/lang/Class done


Dynamic libraries:
0x00b60000 - 0x00b90000 	C:\Program Files (x86)\Java\jre1.8.0_25\bin\javaw.exe
0x77c50000 - 0x77db7000 	C:\Windows\SYSTEM32\ntdll.dll
0x759d0000 - 0x75b10000 	C:\Windows\SYSTEM32\KERNEL32.DLL
0x76770000 - 0x76840000 	C:\Windows\SYSTEM32\KERNELBASE.dll
0x745a0000 - 0x74639000 	C:\Windows\system32\apphelp.dll
0x73f70000 - 0x741c9000 	C:\Windows\AppPatch\AcGenral.DLL
0x75e50000 - 0x75f0e000 	C:\Windows\SYSTEM32\msvcrt.dll
0x76730000 - 0x7676e000 	C:\Windows\SYSTEM32\sechost.dll
0x75660000 - 0x7567d000 	C:\Windows\SYSTEM32\SspiCli.dll
0x76840000 - 0x76881000 	C:\Windows\SYSTEM32\SHLWAPI.dll
0x74cd0000 - 0x74dab000 	C:\Windows\SYSTEM32\UxTheme.dll
0x765e0000 - 0x7672c000 	C:\Windows\SYSTEM32\USER32.dll
0x762b0000 - 0x763b7000 	C:\Windows\SYSTEM32\GDI32.dll
0x74af0000 - 0x74b10000 	C:\Windows\SYSTEM32\WINMM.dll
0x747c0000 - 0x747d2000 	C:\Windows\SYSTEM32\samcli.dll
0x75bc0000 - 0x75ccc000 	C:\Windows\SYSTEM32\ole32.dll
0x77a50000 - 0x77ae5000 	C:\Windows\SYSTEM32\OLEAUT32.dll
0x74550000 - 0x74565000 	C:\Windows\SYSTEM32\MSACM32.dll
0x75490000 - 0x75498000 	C:\Windows\SYSTEM32\VERSION.dll
0x76890000 - 0x77a47000 	C:\Windows\SYSTEM32\SHELL32.dll
0x755d0000 - 0x755e9000 	C:\Windows\SYSTEM32\USERENV.dll
0x74960000 - 0x74978000 	C:\Windows\SYSTEM32\dwmapi.dll
0x75340000 - 0x7548a000 	C:\Windows\SYSTEM32\urlmon.dll
0x76230000 - 0x762a8000 	C:\Windows\SYSTEM32\ADVAPI32.dll
0x74db0000 - 0x74e0e000 	C:\Windows\SYSTEM32\WINSPOOL.DRV
0x74530000 - 0x74544000 	C:\Windows\SYSTEM32\MPR.dll
0x75b10000 - 0x75bc0000 	C:\Windows\SYSTEM32\RPCRT4.dll
0x75650000 - 0x75659000 	C:\Windows\SYSTEM32\CRYPTBASE.dll
0x75fe0000 - 0x7612e000 	C:\Windows\SYSTEM32\combase.dll
0x74ad0000 - 0x74af0000 	C:\Windows\SYSTEM32\WINMMBASE.dll
0x755b0000 - 0x755be000 	C:\Windows\SYSTEM32\profapi.dll
0x75100000 - 0x75332000 	C:\Windows\SYSTEM32\iertutil.dll
0x74f20000 - 0x750f6000 	C:\Windows\SYSTEM32\WININET.dll
0x755f0000 - 0x75642000 	C:\Windows\SYSTEM32\bcryptPrimitives.dll
0x765a0000 - 0x765da000 	C:\Windows\SYSTEM32\cfgmgr32.dll
0x75540000 - 0x7555f000 	C:\Windows\SYSTEM32\DEVOBJ.dll
0x74ea0000 - 0x74f16000 	C:\Windows\SYSTEM32\SHCORE.DLL
0x75990000 - 0x759b5000 	C:\Windows\system32\IMM32.DLL
0x75cd0000 - 0x75dc7000 	C:\Windows\SYSTEM32\MSCTF.dll
0x742e0000 - 0x744c6000 	C:\Windows\WinSxS\x86_microsoft.windows.common-controls_6595b64144ccf1df_6.0.9600.17031_none_a9efdb8b01377ea7\COMCTL32.dll
0x78180000 - 0x7823f000 	C:\Program Files (x86)\Java\jre1.8.0_25\bin\msvcr100.dll
0x50630000 - 0x509d4000 	C:\Program Files (x86)\Java\jre1.8.0_25\bin\client\jvm.dll
0x5ab20000 - 0x5ab28000 	C:\Windows\SYSTEM32\WSOCK32.dll
0x76130000 - 0x76136000 	C:\Windows\SYSTEM32\PSAPI.DLL
0x763d0000 - 0x7641d000 	C:\Windows\SYSTEM32\WS2_32.dll
0x75f10000 - 0x75f17000 	C:\Windows\SYSTEM32\NSI.dll
0x58e50000 - 0x58e5c000 	C:\Program Files (x86)\Java\jre1.8.0_25\bin\verify.dll
0x50aa0000 - 0x50ac1000 	C:\Program Files (x86)\Java\jre1.8.0_25\bin\java.dll
0x50a80000 - 0x50a93000 	C:\Program Files (x86)\Java\jre1.8.0_25\bin\zip.dll
0x74980000 - 0x74ac8000 	C:\Windows\SYSTEM32\dbghelp.dll

VM Arguments:
jvm_args: -Dfile.encoding=Cp1252 -Xbootclasspath:C:\Users\Hugo\Downloads\android-sdk_r24.0.2-windows\android-sdk-windows\platforms\android-21\android.jar 
java_command: com.hugo.dome.Test
java_class_path (initial): C:\Users\Hugo\workspace\appcompat_v7\libs\android-support-v4.jar;C:\Users\Hugo\workspace\appcompat_v7\libs\android-support-v7-appcompat.jar;C:\Users\Hugo\workspace\appcompat_v7\bin\appcompat_v7.jar;C:\Users\Hugo\workspace\Dome\bin\classes
Launcher Type: SUN_STANDARD

Environment Variables:
JAVA_HOME=C:\Program Files\Java\jdk1.8.0_25
PATH=C:/Program Files (x86)/Java/jre1.8.0_25/bin/client;C:/Program Files (x86)/Java/jre1.8.0_25/bin;C:/Program Files (x86)/Java/jre1.8.0_25/lib/i386;C:\ProgramData\Oracle\Java\javapath;C:\Program Files (x86)\NVIDIA Corporation\PhysX\Common;C:\Program Files (x86)\Intel\iCLS Client\;C:\Program Files\Intel\iCLS Client\;C:\Windows\system32;C:\Windows;C:\Windows\System32\Wbem;C:\Windows\System32\WindowsPowerShell\v1.0\;C:\Program Files\Intel\Intel(R) Management Engine Components\DAL;C:\Program Files\Intel\Intel(R) Management Engine Components\IPT;C:\Program Files (x86)\Intel\Intel(R) Management Engine Components\DAL;C:\Program Files (x86)\Intel\Intel(R) Management Engine Components\IPT;C:\Program Files\Intel\WiFi\bin\;C:\Program Files\Common Files\Intel\WirelessCommon\;C:\Users\Hugo\Downloads\eclipse-java-kepler-SR2-win32\eclipse;
USERNAME=Hugo
OS=Windows_NT
PROCESSOR_IDENTIFIER=Intel64 Family 6 Model 69 Stepping 1, GenuineIntel



---------------  S Y S T E M  ---------------

OS: Windows 8.1 , 64 bit Build 9600 

CPU:total 4 (2 cores per cpu, 2 threads per core) family 6 model 69 stepping 1, cmov, cx8, fxsr, mmx, sse, sse2, sse3, ssse3, sse4.1, sse4.2, popcnt, avx, avx2, aes, clmul, erms, lzcnt, ht, tsc, tscinvbit, bmi1, bmi2

Memory: 4k page, physical 8274892k(3778296k free), swap 9585612k(4579768k free)

vm_info: Java HotSpot(TM) Client VM (25.25-b02) for windows-x86 JRE (1.8.0_25-b18), built on Oct  7 2014 14:31:05 by "java_re" with MS VC++ 10.0 (VS2010)

time: Wed Mar 04 22:05:28 2015
elapsed time: 0 seconds (0d 0h 0m 0s)

